<?xml version="1.0" encoding="UTF-8"?>
<!-- Generated by org.testng.reporters.JUnitXMLReporter -->
<testsuite ignored="0" hostname="DESKTOP-4TK4647" failures="0" tests="3" name="Default test" time="17.799" errors="0" timestamp="2024-09-22T15:06:57 IST">
  <testcase classname="com.assignment.test.DynamicFunctions" name="searchItem" time="4.701"/>
  <testcase classname="com.assignment.test.DynamicFunctions" name="findDynamicElements" time="0.682"/>
  <testcase classname="com.assignment.test.DynamicFunctions" name="findLinks" time="0.109"/>
</testsuite> <!-- Default test -->
