<?xml version="1.0" encoding="UTF-8"?>
<testng-results ignored="0" total="3" passed="3" failed="0" skipped="0">
  <reporter-output>
  </reporter-output>
  <suite started-at="2024-09-22T15:06:39 IST" name="Default suite" finished-at="2024-09-22T15:06:57 IST" duration-ms="17799">
    <groups>
    </groups>
    <test started-at="2024-09-22T15:06:39 IST" name="Default test" finished-at="2024-09-22T15:06:57 IST" duration-ms="17799">
      <class name="com.assignment.test.DynamicFunctions">
        <test-method is-config="true" signature="setup()[pri:0, instance:com.assignment.test.DynamicFunctions@4f6ee6e4]" started-at="2024-09-22T15:06:39 IST" name="setup" finished-at="2024-09-22T15:06:51 IST" duration-ms="11823" status="PASS">
          <reporter-output>
          </reporter-output>
        </test-method> <!-- setup -->
        <test-method signature="searchItem()[pri:1, instance:com.assignment.test.DynamicFunctions@4f6ee6e4]" started-at="2024-09-22T15:06:51 IST" name="searchItem" finished-at="2024-09-22T15:06:56 IST" duration-ms="4701" status="PASS">
          <reporter-output>
          </reporter-output>
        </test-method> <!-- searchItem -->
        <test-method signature="findDynamicElements()[pri:2, instance:com.assignment.test.DynamicFunctions@4f6ee6e4]" started-at="2024-09-22T15:06:56 IST" name="findDynamicElements" finished-at="2024-09-22T15:06:57 IST" duration-ms="682" status="PASS">
          <reporter-output>
          </reporter-output>
        </test-method> <!-- findDynamicElements -->
        <test-method signature="findLinks()[pri:3, instance:com.assignment.test.DynamicFunctions@4f6ee6e4]" started-at="2024-09-22T15:06:57 IST" name="findLinks" finished-at="2024-09-22T15:06:57 IST" duration-ms="109" status="PASS">
          <reporter-output>
          </reporter-output>
        </test-method> <!-- findLinks -->
        <test-method is-config="true" signature="tearDown()[pri:0, instance:com.assignment.test.DynamicFunctions@4f6ee6e4]" started-at="2024-09-22T15:06:57 IST" name="tearDown" finished-at="2024-09-22T15:06:57 IST" duration-ms="406" status="PASS">
          <reporter-output>
          </reporter-output>
        </test-method> <!-- tearDown -->
      </class> <!-- com.assignment.test.DynamicFunctions -->
    </test> <!-- Default test -->
  </suite> <!-- Default suite -->
</testng-results>
